<?xml version="1.0" encoding="UTF-8"?>
<testsuite xmlns:xsi="http://www.w3.org/2001/XMLSchema-instance" xsi:noNamespaceSchemaLocation="https://maven.apache.org/surefire/maven-failsafe-plugin/xsd/failsafe-test-report-3.0.xsd" version="3.0" name="testrunner.TestRunner" time="9.747" tests="4" errors="0" skipped="0" failures="1">
  <properties>
[...]
</properties>
  <testcase name="Verify status code is 200 of FindByStatus" classname="PetStore API Scenarios" time="4.213">
    <system-out><![CDATA[
Scenario: Verify status code is 200 of FindByStatus               &amp#27;[90m# src/test/resources/features/PetStore.feature:6&amp#27;[0m
  &amp#27;[32mGiven &amp#27;[0m&amp#27;[32mI setup the baseURL and preconditions&amp#27;[0m                     &amp#27;[90m# stepdefs.StepDefinitions.loadURLandPrecons()&amp#27;[0m
  &amp#27;[32mThen &amp#27;[0m&amp#27;[32mI verify the status code of &amp#27;[0m&amp#27;[32m&amp#27;[1m'findByStatus'&amp#27;[0m&amp#27;[32m endpoint is &amp#27;[0m&amp#27;[32m&amp#27;[1m200&amp#27;[0m &amp#27;[90m# stepdefs.StepDefinitions.verifyStatusCode(java.lang.String,int)&amp#27;[0m
]]></system-out>
    <system-err><![CDATA[SLF4J: Failed to load class "org.slf4j.impl.StaticLoggerBinder".
SLF4J: Defaulting to no-operation (NOP) logger implementation
SLF4J: See http://www.slf4j.org/codes.html#StaticLoggerBinder for further details.
]]></system-err>
  </testcase>
  <testcase name="Verify all the status of the pets are available in the response" classname="PetStore API Scenarios" time="2.361">
    <system-out><![CDATA[
Scenario: Verify all the status of the pets are available in the response &amp#27;[90m# src/test/resources/features/PetStore.feature:9&amp#27;[0m
  &amp#27;[32mGiven &amp#27;[0m&amp#27;[32mI setup the baseURL and preconditions&amp#27;[0m                             &amp#27;[90m# stepdefs.StepDefinitions.loadURLandPrecons()&amp#27;[0m
  &amp#27;[32mWhen &amp#27;[0m&amp#27;[32mI fetch the records of pets that are of &amp#27;[0m&amp#27;[32m&amp#27;[1m'available'&amp#27;[0m&amp#27;[32m status&amp#27;[0m         &amp#27;[90m# stepdefs.StepDefinitions.fetchStatusOfAllPets(java.lang.String)&amp#27;[0m
  &amp#27;[32mThen &amp#27;[0m&amp#27;[32mI verify the count of pets are more than &amp#27;[0m&amp#27;[32m&amp#27;[1m5&amp#27;[0m                         &amp#27;[90m# stepdefs.StepDefinitions.iVerifyResponseCount(int)&amp#27;[0m
No.of Pets found: 479
  &amp#27;[32mAnd &amp#27;[0m&amp#27;[32mI log the number of pets that has been found in the response&amp#27;[0m        &amp#27;[90m# stepdefs.StepDefinitions.printCountOfPets()&amp#27;[0m
]]></system-out>
  </testcase>
  <testcase name="Verify the Response Headers" classname="PetStore API Scenarios" time="0.03">
    <system-out><![CDATA[
Scenario: Verify the Response Headers                &amp#27;[90m# src/test/resources/features/PetStore.feature:14&amp#27;[0m
  &amp#27;[32mGiven &amp#27;[0m&amp#27;[32mI setup the baseURL and preconditions&amp#27;[0m        &amp#27;[90m# stepdefs.StepDefinitions.loadURLandPrecons()&amp#27;[0m
Date=Thu, 03 Nov 2022 14:31:12 GMT
Content-Type=application/json
Transfer-Encoding=chunked
Connection=keep-alive
Access-Control-Allow-Origin=*
Access-Control-Allow-Methods=GET, POST, DELETE, PUT
Access-Control-Allow-Headers=Content-Type, api_key, Authorization
Server=Jetty(9.2.9.v20150224)
  &amp#27;[32mWhen &amp#27;[0m&amp#27;[32mI run GET request for &amp#27;[0m&amp#27;[32m&amp#27;[1m'findByStatus'&amp#27;[0m&amp#27;[32m endpoint&amp#27;[0m &amp#27;[90m# stepdefs.StepDefinitions.getResponse(java.lang.String)&amp#27;[0m
  &amp#27;[32mThen &amp#27;[0m&amp#27;[32mI verify the following response headers&amp#27;[0m       &amp#27;[90m# stepdefs.StepDefinitions.verifyHeadersFromTheResponse(io.cucumber.datatable.DataTable)&amp#27;[0m
    | Content-Type     | Access-Control-Allow-Methods |
    | application/json | GET, POST, DELETE, PUT       |
]]></system-out>
  </testcase>
  <testcase name="Verify status code is 404 of FindByStatus" classname="PetStore API Scenarios" time="0.541">
    <failure message="1 expectation failed.&#10;Expected status code &lt;404&gt; but was &lt;200&gt;.&#10;" type="java.lang.AssertionError"><![CDATA[java.lang.AssertionError: 
1 expectation failed.
Expected status code <404> but was <200>.

]]></failure>
    <system-out><![CDATA[
Scenario: Verify status code is 404 of FindByStatus               &amp#27;[90m# src/test/resources/features/PetStore.feature:20&amp#27;[0m
  &amp#27;[32mGiven &amp#27;[0m&amp#27;[32mI setup the baseURL and preconditions&amp#27;[0m                     &amp#27;[90m# stepdefs.StepDefinitions.loadURLandPrecons()&amp#27;[0m
  &amp#27;[31mThen &amp#27;[0m&amp#27;[31mI verify the status code of &amp#27;[0m&amp#27;[31m&amp#27;[1m'findByStatus'&amp#27;[0m&amp#27;[31m endpoint is &amp#27;[0m&amp#27;[31m&amp#27;[1m404&amp#27;[0m &amp#27;[90m# stepdefs.StepDefinitions.verifyStatusCode(java.lang.String,int)&amp#27;[0m
      &amp#27;[31mjava.lang.AssertionError: 1 expectation failed.
Expected status code <404> but was <200>.

	at sun.reflect.NativeConstructorAccessorImpl.newInstance0(Native Method)
	at sun.reflect.NativeConstructorAccessorImpl.newInstance(NativeConstructorAccessorImpl.java:62)
	at sun.reflect.DelegatingConstructorAccessorImpl.newInstance(DelegatingConstructorAccessorImpl.java:45)
	at java.lang.reflect.Constructor.newInstance(Constructor.java:423)
	at org.codehaus.groovy.reflection.CachedConstructor.invoke(CachedConstructor.java:73)
	at org.codehaus.groovy.reflection.CachedConstructor.doConstructorInvoke(CachedConstructor.java:60)
	at org.codehaus.groovy.runtime.callsite.ConstructorSite$ConstructorSiteNoUnwrap.callConstructor(ConstructorSite.java:86)
	at org.codehaus.groovy.runtime.callsite.CallSiteArray.defaultCallConstructor(CallSiteArray.java:58)
	at org.codehaus.groovy.runtime.callsite.AbstractCallSite.callConstructor(AbstractCallSite.java:263)
	at org.codehaus.groovy.runtime.callsite.AbstractCallSite.callConstructor(AbstractCallSite.java:277)
	at io.restassured.internal.ResponseSpecificationImpl$HamcrestAssertionClosure.validate(ResponseSpecificationImpl.groovy:512)
	at io.restassured.internal.ResponseSpecificationImpl$HamcrestAssertionClosure$validate$1.call(Unknown Source)
	at io.restassured.internal.ResponseSpecificationImpl.validateResponseIfRequired(ResponseSpecificationImpl.groovy:696)
	at io.restassured.internal.ResponseSpecificationImpl.this$2$validateResponseIfRequired(ResponseSpecificationImpl.groovy)
	at sun.reflect.NativeMethodAccessorImpl.invoke0(Native Method)
	at sun.reflect.NativeMethodAccessorImpl.invoke(NativeMethodAccessorImpl.java:62)
	at sun.reflect.DelegatingMethodAccessorImpl.invoke(DelegatingMethodAccessorImpl.java:43)
	at java.lang.reflect.Method.invoke(Method.java:498)
	at org.codehaus.groovy.runtime.callsite.PlainObjectMetaMethodSite.doInvoke(PlainObjectMetaMethodSite.java:43)
	at org.codehaus.groovy.runtime.callsite.PogoMetaMethodSite$PogoCachedMethodSiteNoUnwrapNoCoerce.invoke(PogoMetaMethodSite.java:198)
	at org.codehaus.groovy.runtime.callsite.PogoMetaMethodSite.callCurrent(PogoMetaMethodSite.java:62)
	at org.codehaus.groovy.runtime.callsite.AbstractCallSite.callCurrent(AbstractCallSite.java:185)
	at io.restassured.internal.ResponseSpecificationImpl.statusCode(ResponseSpecificationImpl.groovy:135)
	at io.restassured.specification.ResponseSpecification$statusCode$0.callCurrent(Unknown Source)
	at io.restassured.internal.ResponseSpecificationImpl.statusCode(ResponseSpecificationImpl.groovy:143)
	at io.restassured.internal.ValidatableResponseOptionsImpl.statusCode(ValidatableResponseOptionsImpl.java:89)
	at helper.APISteps.verifyStatusCode(APISteps.java:31)
	at helper.APISteps$ByteBuddy$UznRejAJ.verifyStatusCode$accessor$3rGKHfKI(Unknown Source)
	at sun.reflect.NativeMethodAccessorImpl.invoke0(Native Method)
	at sun.reflect.NativeMethodAccessorImpl.invoke(NativeMethodAccessorImpl.java:62)
	at sun.reflect.DelegatingMethodAccessorImpl.invoke(DelegatingMethodAccessorImpl.java:43)
	at java.lang.reflect.Method.invoke(Method.java:498)
	at net.thucydides.core.steps.StepInterceptor.invokeMethod(StepInterceptor.java:503)
	at net.thucydides.core.steps.StepInterceptor.executeTestStepMethod(StepInterceptor.java:483)
	at net.thucydides.core.steps.StepInterceptor.runTestStep(StepInterceptor.java:457)
	at net.thucydides.core.steps.StepInterceptor.runOrSkipMethod(StepInterceptor.java:209)
	at net.thucydides.core.steps.StepInterceptor.testStepResult(StepInterceptor.java:196)
	at net.thucydides.core.steps.StepInterceptor.intercept(StepInterceptor.java:84)
	at net.thucydides.core.steps.ProxyConfiguration$InterceptorDispatcher.intercept(ProxyConfiguration.java:51)
	at helper.APISteps$ByteBuddy$UznRejAJ.verifyStatusCode(Unknown Source)
	at stepdefs.StepDefinitions.verifyStatusCode(StepDefinitions.java:28)
	at âœ½.I verify the status code of 'findByStatus' endpoint is 404(file:///D:/Utilities/Projects/Serenity-BDD/Module-3/src/test/resources/features/PetStore.feature:21)
&amp#27;[0m
]]></system-out>
  </testcase>
</testsuite>