-------------------------------------------------------------------------------
Test set: testrunner.TestRunner
-------------------------------------------------------------------------------
Tests run: 4, Failures: 1, Errors: 0, Skipped: 0, Time elapsed: 9.747 s <<< FAILURE! - in testrunner.TestRunner
PetStore API Scenarios.Verify status code is 404 of FindByStatus  Time elapsed: 0.541 s  <<< FAILURE!
java.lang.AssertionError: 
1 expectation failed.
Expected status code <404> but was <200>.


